{"synthetic": false,
 "schemaVersion": "2025-09-10",
 "outputs":
 {"o": ["7df0d34d4a732ec5.olean"],
  "i": "187ee4c044598e50.ilean",
  "c": "eecb50cf1f0d49b8.c"},
 "log":
 [{"message":
   ".> LEAN_PATH=/Users/farhandhattiwala/RC_Proj/lean-security-protocol/.lake/build/lib/lean /Users/farhandhattiwala/.elan/toolchains/leanprover--lean4---v4.29.0/bin/lean /Users/farhandhattiwala/RC_Proj/lean-security-protocol/CascadeProtocol.lean -o /Users/farhandhattiwala/RC_Proj/lean-security-protocol/.lake/build/lib/lean/CascadeProtocol.olean -i /Users/farhandhattiwala/RC_Proj/lean-security-protocol/.lake/build/lib/lean/CascadeProtocol.ilean -c /Users/farhandhattiwala/RC_Proj/lean-security-protocol/.lake/build/ir/CascadeProtocol.c --setup /Users/farhandhattiwala/RC_Proj/lean-security-protocol/.lake/build/ir/CascadeProtocol.setup.json --json",
   "level": "trace"}],
 "inputs":
 [["CascadeProtocol:deps",
   [["deps",
     [["cascade_protocol/CascadeProtocol:extraDep",
       [["@cascade_protocol:extraDep", "00000000000006bb"]]],
      ["imports",
       [["CascadeProtocol.Basic transitive imports (legacy)",
         "00000000000006bb"],
        ["CascadeProtocol.Basic:importAllArts", "cd42ed5f70ccf188"],
        ["CascadeProtocol.Reduction transitive imports (legacy)",
         "5c7e0a8841d9b43b"],
        ["CascadeProtocol.Reduction:importAllArts", "75fcfd24dfa8b412"],
        ["CascadeProtocol.Predicates transitive imports (legacy)",
         "5c7e0a8841d9b43b"],
        ["CascadeProtocol.Predicates:importAllArts", "9c0326c52f65dd08"],
        ["CascadeProtocol.Security transitive imports (legacy)",
         "5c9857b5a2675836"],
        ["CascadeProtocol.Security:importAllArts", "77c8593e7e6ad9fa"],
        ["CascadeProtocol.Theorems transitive imports (legacy)",
         "c7fe11502932db85"],
        ["CascadeProtocol.Theorems:importAllArts", "3e8d1437afb33e25"],
        ["CascadeProtocol.Validation transitive imports (legacy)",
         "1cc3ee1a75c38600"],
        ["CascadeProtocol.Validation:importAllArts", "26f6996c6d74f3d1"],
        ["CascadeProtocol.Examples transitive imports (legacy)",
         "c5d3e77ff47e2f38"],
        ["CascadeProtocol.Examples:importAllArts", "dcf632f7e3eeeaba"]]]]],
    ["libs",
     [["import dynlibs", "00000000000006bb"],
      ["package external libraries", "00000000000006bb"],
      ["module dynlibs", "00000000000006bb"],
      ["module plugins", "00000000000006bb"]]]]],
  ["Lean 4.29.0, commit 98dc76e3c0a9b856c9b98726b713fb04fab16740",
   "60bb08ef22408c8a"],
  ["/Users/farhandhattiwala/RC_Proj/lean-security-protocol/CascadeProtocol.lean",
   "8242ce8a6322f2d4"],
  ["options", "00000000000006bb"],
  ["isModule: false", "feefd2a0d3a1847e"],
  ["Module.name: CascadeProtocol", "241a1caebebaa8fe"],
  ["Package.id?: (some cascade_protocol)", "9f9a66f123979b2f"],
  ["Module.leanArgs: #[]", "00000000000006bb"]],
 "depHash": "d6813130cd160649"}