{"synthetic": false,
 "schemaVersion": "2025-09-10",
 "outputs":
 {"o": ["5a9beb2fd714d888.olean"],
  "i": "966af11203d0618a.ilean",
  "c": "6218fca091dbb4b5.c"},
 "log":
 [{"message":
   ".> LEAN_PATH=/Users/farhandhattiwala/RC_Proj/lean-security-protocol/.lake/build/lib/lean /Users/farhandhattiwala/.elan/toolchains/leanprover--lean4---v4.29.0/bin/lean /Users/farhandhattiwala/RC_Proj/lean-security-protocol/CascadeProtocol/Examples.lean -o /Users/farhandhattiwala/RC_Proj/lean-security-protocol/.lake/build/lib/lean/CascadeProtocol/Examples.olean -i /Users/farhandhattiwala/RC_Proj/lean-security-protocol/.lake/build/lib/lean/CascadeProtocol/Examples.ilean -c /Users/farhandhattiwala/RC_Proj/lean-security-protocol/.lake/build/ir/CascadeProtocol/Examples.c --setup /Users/farhandhattiwala/RC_Proj/lean-security-protocol/.lake/build/ir/CascadeProtocol/Examples.setup.json --json",
   "level": "trace"},
  {"message": "CascadeProtocol/Examples.lean:26:0: true", "level": "info"},
  {"message": "CascadeProtocol/Examples.lean:27:0: true", "level": "info"},
  {"message": "CascadeProtocol/Examples.lean:31:0: true", "level": "info"},
  {"message": "CascadeProtocol/Examples.lean:34:0: true", "level": "info"},
  {"message": "CascadeProtocol/Examples.lean:37:0: [Func.E (User.Y)]",
   "level": "info"},
  {"message": "CascadeProtocol/Examples.lean:38:0: []", "level": "info"},
  {"message": "CascadeProtocol/Examples.lean:39:0: [Func.E (User.Y)]",
   "level": "info"},
  {"message":
   "CascadeProtocol/Examples.lean:40:0: [Func.E (User.X), Func.D (User.X), Func.E (User.Y)]",
   "level": "info"},
  {"message": "CascadeProtocol/Examples.lean:43:0: false", "level": "info"},
  {"message": "CascadeProtocol/Examples.lean:44:0: true", "level": "info"},
  {"message": "CascadeProtocol/Examples.lean:45:0: false", "level": "info"},
  {"message":
   "CascadeProtocol/Examples.lean:46:0: \"INVALID – protocol contains reducible words\"",
   "level": "info"},
  {"message":
   "CascadeProtocol/Examples.lean:47:0: \"INVALID – protocol contains reducible words\"",
   "level": "info"},
  {"message": "CascadeProtocol/Examples.lean:55:0: true", "level": "info"},
  {"message": "CascadeProtocol/Examples.lean:56:0: \"SECURE (symmetric)\"",
   "level": "info"},
  {"message": "CascadeProtocol/Examples.lean:57:0: \"SECURE (nonsymmetric)\"",
   "level": "info"}],
 "inputs":
 [["CascadeProtocol.Examples:deps",
   [["deps",
     [["cascade_protocol/CascadeProtocol:extraDep",
       [["@cascade_protocol:extraDep", "00000000000006bb"]]],
      ["imports",
       [["CascadeProtocol.Basic transitive imports (legacy)",
         "00000000000006bb"],
        ["CascadeProtocol.Basic:importAllArts", "cd42ed5f70ccf188"],
        ["CascadeProtocol.Reduction transitive imports (legacy)",
         "5c7e0a8841d9b43b"],
        ["CascadeProtocol.Reduction:importAllArts", "75fcfd24dfa8b412"],
        ["CascadeProtocol.Predicates transitive imports (legacy)",
         "5c7e0a8841d9b43b"],
        ["CascadeProtocol.Predicates:importAllArts", "9c0326c52f65dd08"],
        ["CascadeProtocol.Security transitive imports (legacy)",
         "5c9857b5a2675836"],
        ["CascadeProtocol.Security:importAllArts", "77c8593e7e6ad9fa"],
        ["CascadeProtocol.Validation transitive imports (legacy)",
         "1cc3ee1a75c38600"],
        ["CascadeProtocol.Validation:importAllArts", "26f6996c6d74f3d1"]]]]],
    ["libs",
     [["import dynlibs", "00000000000006bb"],
      ["package external libraries", "00000000000006bb"],
      ["module dynlibs", "00000000000006bb"],
      ["module plugins", "00000000000006bb"]]]]],
  ["Lean 4.29.0, commit 98dc76e3c0a9b856c9b98726b713fb04fab16740",
   "60bb08ef22408c8a"],
  ["/Users/farhandhattiwala/RC_Proj/lean-security-protocol/CascadeProtocol/Examples.lean",
   "8125c2b98e54a65c"],
  ["options", "00000000000006bb"],
  ["isModule: false", "feefd2a0d3a1847e"],
  ["Module.name: CascadeProtocol.Examples", "1a4743c02754ec71"],
  ["Package.id?: (some cascade_protocol)", "9f9a66f123979b2f"],
  ["Module.leanArgs: #[]", "00000000000006bb"]],
 "depHash": "5c85fc81f7a8fcf7"}