{"synthetic": false,
 "schemaVersion": "2025-09-10",
 "outputs":
 {"o": ["130d31896bd56813.olean"],
  "i": "f88e758b738b70d7.ilean",
  "c": "f6d262206b0eeca8.c"},
 "log":
 [{"message":
   ".> LEAN_PATH=/Users/farhandhattiwala/RC_Proj/lean-security-protocol/.lake/build/lib/lean /Users/farhandhattiwala/.elan/toolchains/leanprover--lean4---v4.29.0/bin/lean /Users/farhandhattiwala/RC_Proj/lean-security-protocol/CascadeProtocol/Predicates.lean -o /Users/farhandhattiwala/RC_Proj/lean-security-protocol/.lake/build/lib/lean/CascadeProtocol/Predicates.olean -i /Users/farhandhattiwala/RC_Proj/lean-security-protocol/.lake/build/lib/lean/CascadeProtocol/Predicates.ilean -c /Users/farhandhattiwala/RC_Proj/lean-security-protocol/.lake/build/ir/CascadeProtocol/Predicates.c --setup /Users/farhandhattiwala/RC_Proj/lean-security-protocol/.lake/build/ir/CascadeProtocol/Predicates.setup.json --json",
   "level": "trace"}],
 "inputs":
 [["CascadeProtocol.Predicates:deps",
   [["deps",
     [["cascade_protocol/CascadeProtocol:extraDep",
       [["@cascade_protocol:extraDep", "00000000000006bb"]]],
      ["imports",
       [["CascadeProtocol.Basic transitive imports (legacy)",
         "00000000000006bb"],
        ["CascadeProtocol.Basic:importAllArts", "cd42ed5f70ccf188"]]]]],
    ["libs",
     [["import dynlibs", "00000000000006bb"],
      ["package external libraries", "00000000000006bb"],
      ["module dynlibs", "00000000000006bb"],
      ["module plugins", "00000000000006bb"]]]]],
  ["Lean 4.29.0, commit 98dc76e3c0a9b856c9b98726b713fb04fab16740",
   "60bb08ef22408c8a"],
  ["/Users/farhandhattiwala/RC_Proj/lean-security-protocol/CascadeProtocol/Predicates.lean",
   "dcd038d8d626ba3a"],
  ["options", "00000000000006bb"],
  ["isModule: false", "feefd2a0d3a1847e"],
  ["Module.name: CascadeProtocol.Predicates", "bcfd8b9ffb29520b"],
  ["Package.id?: (some cascade_protocol)", "9f9a66f123979b2f"],
  ["Module.leanArgs: #[]", "00000000000006bb"]],
 "depHash": "ce65567af4adbea2"}