{"synthetic": false,
 "schemaVersion": "2025-09-10",
 "outputs":
 {"o": ["b5cdc50e473f7e68.olean"],
  "i": "4d8ac1e3a7fbb5dd.ilean",
  "c": "26094699de388dd7.c"},
 "log":
 [{"message":
   ".> LEAN_PATH=D:\\My Stuff\\course work\\rc (a baskar)\\project\\.lake\\build\\lib\\lean c:\\Users\\KRISH\\.elan\\toolchains\\leanprover--lean4---v4.29.0\\bin\\lean.exe D:\\My Stuff\\course work\\rc (a baskar)\\project\\CascadeProtocol\\Security.lean -o D:\\My Stuff\\course work\\rc (a baskar)\\project\\.lake\\build\\lib\\lean\\CascadeProtocol\\Security.olean -i D:\\My Stuff\\course work\\rc (a baskar)\\project\\.lake\\build\\lib\\lean\\CascadeProtocol\\Security.ilean -c D:\\My Stuff\\course work\\rc (a baskar)\\project\\.lake\\build\\ir\\CascadeProtocol\\Security.c --setup D:\\My Stuff\\course work\\rc (a baskar)\\project\\.lake\\build\\ir\\CascadeProtocol\\Security.setup.json --json",
   "level": "trace"}],
 "inputs":
 [["CascadeProtocol.Security:deps",
   [["deps",
     [["cascade_protocol/CascadeProtocol:extraDep",
       [["@cascade_protocol:extraDep", "00000000000006bb"]]],
      ["imports",
       [["CascadeProtocol.Basic transitive imports (legacy)",
         "00000000000006bb"],
        ["CascadeProtocol.Basic:importAllArts", "b6d4745c8f8b7989"],
        ["CascadeProtocol.Predicates transitive imports (legacy)",
         "3dca003801616ba7"],
        ["CascadeProtocol.Predicates:importAllArts", "ae213319d3163d01"]]]]],
    ["libs",
     [["import dynlibs", "00000000000006bb"],
      ["package external libraries", "00000000000006bb"],
      ["module dynlibs", "00000000000006bb"],
      ["module plugins", "00000000000006bb"]]]]],
  ["Lean 4.29.0, commit 98dc76e3c0a9b856c9b98726b713fb04fab16740",
   "60bb08ef22408c8a"],
  ["D:\\My Stuff\\course work\\rc (a baskar)\\project\\CascadeProtocol\\Security.lean",
   "5d039aaced679d7f"],
  ["options", "00000000000006bb"],
  ["isModule: false", "feefd2a0d3a1847e"],
  ["Module.name: CascadeProtocol.Security", "95b25018067359e1"],
  ["Package.id?: (some cascade_protocol)", "9f9a66f123979b2f"],
  ["Module.leanArgs: #[]", "00000000000006bb"]],
 "depHash": "feaa8bd4b8274625"}