{"synthetic": false,
 "schemaVersion": "2025-09-10",
 "outputs":
 {"o": ["b97e4665ebe6e3c7.olean"],
  "i": "ce3b608632753622.ilean",
  "c": "fbed30c0929ead92.c"},
 "log":
 [{"message":
   ".> LEAN_PATH=D:\\My Stuff\\course work\\rc (a baskar)\\project\\.lake\\build\\lib\\lean c:\\Users\\KRISH\\.elan\\toolchains\\leanprover--lean4---v4.29.0\\bin\\lean.exe D:\\My Stuff\\course work\\rc (a baskar)\\project\\CascadeProtocol\\Theorems.lean -o D:\\My Stuff\\course work\\rc (a baskar)\\project\\.lake\\build\\lib\\lean\\CascadeProtocol\\Theorems.olean -i D:\\My Stuff\\course work\\rc (a baskar)\\project\\.lake\\build\\lib\\lean\\CascadeProtocol\\Theorems.ilean -c D:\\My Stuff\\course work\\rc (a baskar)\\project\\.lake\\build\\ir\\CascadeProtocol\\Theorems.c --setup D:\\My Stuff\\course work\\rc (a baskar)\\project\\.lake\\build\\ir\\CascadeProtocol\\Theorems.setup.json --json",
   "level": "trace"},
  {"message": "CascadeProtocol/Theorems.lean:13:8: declaration uses `sorry`",
   "level": "warning"},
  {"message": "CascadeProtocol/Theorems.lean:18:8: declaration uses `sorry`",
   "level": "warning"},
  {"message": "CascadeProtocol/Theorems.lean:26:8: declaration uses `sorry`",
   "level": "warning"}],
 "inputs":
 [["CascadeProtocol.Theorems:deps",
   [["deps",
     [["cascade_protocol/CascadeProtocol:extraDep",
       [["@cascade_protocol:extraDep", "00000000000006bb"]]],
      ["imports",
       [["CascadeProtocol.Basic transitive imports (legacy)",
         "00000000000006bb"],
        ["CascadeProtocol.Basic:importAllArts", "b6d4745c8f8b7989"],
        ["CascadeProtocol.Reduction transitive imports (legacy)",
         "3dca003801616ba7"],
        ["CascadeProtocol.Reduction:importAllArts", "a578eb02f51a6377"],
        ["CascadeProtocol.Predicates transitive imports (legacy)",
         "3dca003801616ba7"],
        ["CascadeProtocol.Predicates:importAllArts", "ae213319d3163d01"],
        ["CascadeProtocol.Security transitive imports (legacy)",
         "eb1d81958d9a7f14"],
        ["CascadeProtocol.Security:importAllArts", "fd56c32f0f7e4e1b"]]]]],
    ["libs",
     [["import dynlibs", "00000000000006bb"],
      ["package external libraries", "00000000000006bb"],
      ["module dynlibs", "00000000000006bb"],
      ["module plugins", "00000000000006bb"]]]]],
  ["Lean 4.29.0, commit 98dc76e3c0a9b856c9b98726b713fb04fab16740",
   "60bb08ef22408c8a"],
  ["D:\\My Stuff\\course work\\rc (a baskar)\\project\\CascadeProtocol\\Theorems.lean",
   "dfda2b5d3fc6be96"],
  ["options", "00000000000006bb"],
  ["isModule: false", "feefd2a0d3a1847e"],
  ["Module.name: CascadeProtocol.Theorems", "1ed7ccb6c365f7ef"],
  ["Package.id?: (some cascade_protocol)", "9f9a66f123979b2f"],
  ["Module.leanArgs: #[]", "00000000000006bb"]],
 "depHash": "0d131a633e614ff5"}